2023-09-21 11:53:19.033 [info] 실험 'pythonaacf'이(가) 활성 상태입니다.
2023-09-21 11:53:19.033 [info] 실험 'pythonPromptNewFormatterExt'이(가) 활성 상태입니다.
2023-09-21 11:53:19.033 [info] 실험 'pythonPromptNewToolsExt'이(가) 활성 상태입니다.
2023-09-21 11:53:19.033 [info] 실험 'pythonTestAdaptercf'이(가) 활성 상태입니다.
2023-09-21 11:53:19.122 [info] Test server listening.
2023-09-21 11:53:19.139 [info] > conda info --json
2023-09-21 11:53:19.170 [info] > /usr/share/anaconda/bin/conda info --json
2023-09-21 11:53:19.283 [warning] Retry failed, storage update failed for key PYTHON_GLOBAL_STORAGE_KEYS
2023-09-21 11:53:19.283 [warning] Retry failed, storage update failed for key PYTHON_GLOBAL_STORAGE_KEYS
2023-09-21 11:53:19.283 [warning] Retry failed, storage update failed for key PYTHON_GLOBAL_STORAGE_KEYS
2023-09-21 11:53:19.283 [warning] Retry failed, storage update failed for key PYTHON_GLOBAL_STORAGE_KEYS
2023-09-21 11:53:19.283 [warning] Retry failed, storage update failed for key PYTHON_WORKSPACE_STORAGE_KEYS
2023-09-21 11:53:19.283 [warning] Retry failed, storage update failed for key PYTHON_WORKSPACE_STORAGE_KEYS
2023-09-21 11:53:19.283 [warning] Retry failed, storage update failed for key PYTHON_WORKSPACE_STORAGE_KEYS
2023-09-21 11:53:19.322 [info] Found: /bin/python3 --> /usr/libexec/platform-python3.6
2023-09-21 11:53:19.331 [info] Found: /bin/python3.11 --> /bin/python3.11
2023-09-21 11:53:19.347 [info] Found: /bin/python3.6 --> /usr/libexec/platform-python3.6
2023-09-21 11:53:19.358 [info] Found: /usr/bin/python3 --> /usr/libexec/platform-python3.6
2023-09-21 11:53:19.359 [info] Found: /usr/bin/python3.11 --> /usr/bin/python3.11
2023-09-21 11:53:19.359 [info] Found: /usr/bin/python3.6 --> /usr/libexec/platform-python3.6
2023-09-21 11:53:19.384 [info] > /bin/python3 -I ~/.vscode/extensions/ms-python.python-2023.16.0/pythonFiles/get_output_via_markers.py ~/.vscode/extensions/ms-python.python-2023.16.0/pythonFiles/interpreterInfo.py
2023-09-21 11:53:19.407 [info] > /bin/python3.11 -I ~/.vscode/extensions/ms-python.python-2023.16.0/pythonFiles/get_output_via_markers.py ~/.vscode/extensions/ms-python.python-2023.16.0/pythonFiles/interpreterInfo.py
2023-09-21 11:53:19.451 [info] > /usr/bin/python3.11 -I ~/.vscode/extensions/ms-python.python-2023.16.0/pythonFiles/get_output_via_markers.py ~/.vscode/extensions/ms-python.python-2023.16.0/pythonFiles/interpreterInfo.py
2023-09-21 11:53:19.583 [info] Python 인터프리터 경로: /bin/python3.11
2023-09-21 11:53:19.845 [warning] Retry failed, storage update failed for key PYTHON_GLOBAL_STORAGE_KEYS
2023-09-21 11:53:21.376 [info] Pylance 언어 서버를 시작하는 중입니다.
2023-09-21 11:56:45.651 [info] Discover tests for workspace name: undefined - uri: /root/ansible/root/vscode/User/settings.json
2023-09-21 12:29:22.910 [info] Discover tests for workspace name: undefined - uri: /root/ansible/root/vscode/User/settings.json
2023-09-21 12:29:24.756 [info] Discover tests for workspace name: undefined - uri: /root/ansible/root/vscode/User/settings.json
