2023-09-21 11:53:05.409 [info] 로그 수준: Info
2023-09-21 11:53:05.409 [info] "git"에서 찾은 git 유효성을 검사하는 중
2023-09-21 11:53:05.409 [info] "2.39.3"에서 git "git"을(를) 사용하는 중
2023-09-21 11:53:17.376 [info] 로그 수준: Info
2023-09-21 11:53:17.376 [info] "git"에서 찾은 git 유효성을 검사하는 중
2023-09-21 11:53:17.376 [info] "2.39.3"에서 git "git"을(를) 사용하는 중
2023-09-21 11:53:17.405 [info] > git rev-parse --show-toplevel [31ms]
2023-09-21 11:53:17.405 [info] fatal: not a git repository (or any of the parent directories): .git
2023-09-21 11:53:17.410 [info] > git rev-parse --show-toplevel [2ms]
2023-09-21 11:53:17.410 [info] fatal: not a git repository (or any of the parent directories): .git
2023-09-21 11:53:17.413 [info] > git rev-parse --show-toplevel [1ms]
2023-09-21 11:53:17.413 [info] fatal: not a git repository (or any of the parent directories): .git
2023-09-21 11:53:18.478 [info] > git rev-parse --show-toplevel [0ms]
2023-09-21 11:53:18.478 [info] fatal: not a git repository (or any of the parent directories): .git
2023-09-21 11:53:20.460 [info] > git rev-parse --show-toplevel [3ms]
2023-09-21 11:53:20.460 [info] fatal: not a git repository (or any of the parent directories): .git
2023-09-21 11:53:20.601 [info] > git rev-parse --show-toplevel [1ms]
2023-09-21 11:53:20.601 [info] fatal: not a git repository (or any of the parent directories): .git
2023-09-21 11:53:21.962 [info] > git rev-parse --show-toplevel [15ms]
2023-09-21 11:53:21.963 [info] fatal: not a git repository (or any of the parent directories): .git
2023-09-21 11:56:45.448 [info] > git rev-parse --show-toplevel [15ms]
2023-09-21 11:56:45.449 [info] fatal: not a git repository (or any of the parent directories): .git
2023-09-21 12:00:54.339 [info] > git rev-parse --show-toplevel [20ms]
2023-09-21 12:00:54.339 [info] fatal: not a git repository (or any of the parent directories): .git
2023-09-21 12:00:55.081 [info] > git rev-parse --show-toplevel [1ms]
2023-09-21 12:00:55.082 [info] fatal: not a git repository (or any of the parent directories): .git
2023-09-21 12:00:55.675 [info] > git rev-parse --show-toplevel [1ms]
2023-09-21 12:00:55.675 [info] fatal: not a git repository (or any of the parent directories): .git
2023-09-21 12:00:57.945 [info] > git rev-parse --show-toplevel [2ms]
2023-09-21 12:00:57.945 [info] fatal: not a git repository (or any of the parent directories): .git
2023-09-21 12:00:58.897 [info] > git rev-parse --show-toplevel [2ms]
2023-09-21 12:00:58.897 [info] fatal: not a git repository (or any of the parent directories): .git
2023-09-21 12:01:45.516 [info] > git rev-parse --show-toplevel [0ms]
2023-09-21 12:01:45.516 [info] fatal: not a git repository (or any of the parent directories): .git
2023-09-21 12:10:01.535 [info] > git rev-parse --show-toplevel [12ms]
2023-09-21 12:10:01.535 [info] fatal: not a git repository (or any of the parent directories): .git
2023-09-21 12:11:17.341 [info] > git rev-parse --show-toplevel [3ms]
2023-09-21 12:11:17.341 [info] fatal: not a git repository (or any of the parent directories): .git
2023-09-21 12:11:22.582 [info] > git rev-parse --show-toplevel [1ms]
2023-09-21 12:11:22.582 [info] fatal: not a git repository (or any of the parent directories): .git
2023-09-21 12:12:25.859 [info] > git rev-parse --show-toplevel [13ms]
2023-09-21 12:12:25.859 [info] fatal: not a git repository (or any of the parent directories): .git
2023-09-21 12:12:27.889 [info] > git rev-parse --show-toplevel [0ms]
2023-09-21 12:12:27.889 [info] fatal: not a git repository (or any of the parent directories): .git
2023-09-21 12:16:41.310 [info] > git rev-parse --show-toplevel [1ms]
2023-09-21 12:16:41.310 [info] fatal: not a git repository (or any of the parent directories): .git
2023-09-21 12:16:42.409 [info] > git rev-parse --show-toplevel [4ms]
2023-09-21 12:16:42.409 [info] fatal: not a git repository (or any of the parent directories): .git
2023-09-21 12:20:36.629 [info] > git rev-parse --show-toplevel [9ms]
2023-09-21 12:20:36.629 [info] fatal: not a git repository (or any of the parent directories): .git
2023-09-21 12:23:54.432 [info] > git rev-parse --show-toplevel [7ms]
2023-09-21 12:23:54.432 [info] fatal: not a git repository (or any of the parent directories): .git
2023-09-21 12:26:13.206 [info] > git rev-parse --show-toplevel [1ms]
2023-09-21 12:26:13.206 [info] fatal: not a git repository (or any of the parent directories): .git
2023-09-21 12:26:20.297 [info] > git rev-parse --show-toplevel [11ms]
2023-09-21 12:26:20.297 [info] fatal: not a git repository (or any of the parent directories): .git
2023-09-21 12:26:51.672 [info] > git rev-parse --show-toplevel [1ms]
2023-09-21 12:26:51.672 [info] fatal: not a git repository (or any of the parent directories): .git
2023-09-21 12:27:15.961 [info] > git rev-parse --show-toplevel [2ms]
2023-09-21 12:27:15.961 [info] fatal: not a git repository (or any of the parent directories): .git
2023-09-21 12:29:22.746 [info] > git rev-parse --show-toplevel [4ms]
2023-09-21 12:29:22.746 [info] fatal: not a git repository (or any of the parent directories): .git
2023-09-21 12:29:24.545 [info] > git rev-parse --show-toplevel [2ms]
2023-09-21 12:29:24.545 [info] fatal: not a git repository (or any of the parent directories): .git
